2018-04-13 20:27:40,464 - Mock Version: 1.4.9
2018-04-13 20:27:40,522 - Start: yum install
2018-04-13 20:30:57,209 - Finish: yum install
2018-04-13 20:30:58,157 - Start: creating root cache
2018-04-13 20:31:08,774 - Finish: creating root cache
2018-04-13 20:31:08,776 - Finish: chroot init
2018-04-13 20:31:08,877 - Start: build phase for wine-3.5-1.el7.src.rpm
2018-04-13 20:31:08,878 - Start: build setup for wine-3.5-1.el7.src.rpm
2018-04-13 20:33:58,027 - Mock Version: 1.4.9
2018-04-13 20:33:59,098 - Finish: chroot init
2018-04-13 20:33:59,100 - Start: build phase for wine-3.5-1.el7.src.rpm
2018-04-13 20:33:59,101 - Start: build setup for wine-3.5-1.el7.src.rpm
2018-04-13 20:35:13,693 - Mock Version: 1.4.9
2018-04-13 20:35:13,737 - Start: yum install
2018-04-13 20:35:29,130 - Mock Version: 1.4.9
2018-04-13 20:35:30,222 - Finish: chroot init
2018-04-13 20:35:30,224 - Start: build phase for wine-3.5-1.el7.src.rpm
2018-04-13 20:35:30,225 - Start: build setup for wine-3.5-1.el7.src.rpm
2018-04-13 20:36:11,841 - Mock Version: 1.4.9
2018-04-13 20:36:12,883 - Finish: chroot init
2018-04-13 20:36:12,884 - Start: build phase for wine-3.5-1.el7.src.rpm
2018-04-13 20:36:12,885 - Start: build setup for wine-3.5-1.el7.src.rpm
2018-04-13 20:41:21,235 - Mock Version: 1.4.9
2018-04-13 20:41:22,312 - Finish: chroot init
2018-04-13 20:41:22,313 - Start: build phase for wine-3.5-1.el7.src.rpm
2018-04-13 20:41:22,314 - Start: build setup for wine-3.5-1.el7.src.rpm
2018-04-13 20:41:54,671 - Mock Version: 1.4.9
2018-04-13 20:41:56,622 - Finish: chroot init
2018-04-13 20:41:56,624 - Start: build phase for wine-3.5-1.el7.src.rpm
2018-04-13 20:41:56,625 - Start: build setup for wine-3.5-1.el7.src.rpm
2018-04-13 20:43:19,977 - Mock Version: 1.4.9
2018-04-13 20:43:20,027 - Start: yum install
2018-04-13 20:43:59,367 - Mock Version: 1.4.9
2018-04-13 20:43:59,417 - Start: yum install
2018-04-13 20:46:18,744 - Mock Version: 1.4.9
2018-04-13 20:46:18,792 - Start: yum install
2018-04-13 20:46:20,182 - Finish: yum install
2018-04-13 20:46:21,043 - Start: creating root cache
2018-04-13 20:46:31,130 - Finish: creating root cache
2018-04-13 20:46:31,132 - Finish: chroot init
2018-04-13 20:46:31,229 - Start: build phase for wine-3.5-1.el7.src.rpm
2018-04-13 20:46:31,230 - Start: build setup for wine-3.5-1.el7.src.rpm
2018-04-13 20:57:05,527 - Mock Version: 1.4.9
2018-04-13 20:57:06,771 - Finish: chroot init
2018-04-13 20:57:06,772 - Start: build phase for wine-3.5-1.el7.src.rpm
2018-04-13 20:57:06,773 - Start: build setup for wine-3.5-1.el7.src.rpm
2018-04-13 20:58:00,349 - Mock Version: 1.4.9
2018-04-13 20:58:01,425 - Finish: chroot init
2018-04-13 20:58:01,427 - Start: build phase for wine-3.5-1.el7.src.rpm
2018-04-13 20:58:01,427 - Start: build setup for wine-3.5-1.el7.src.rpm
2018-04-13 21:30:16,313 - Mock Version: 1.4.9
2018-04-13 21:30:17,509 - Finish: chroot init
2018-04-13 21:30:17,511 - Start: build phase for wine-3.5-1.el7.src.rpm
2018-04-13 21:30:17,512 - Start: build setup for wine-3.5-1.el7.src.rpm
2018-04-13 21:33:05,788 - Mock Version: 1.4.9
2018-04-13 21:33:06,795 - Finish: chroot init
2018-04-13 21:33:06,797 - Start: build phase for wine-3.5-1.el7.src.rpm
2018-04-13 21:33:06,798 - Start: build setup for wine-3.5-1.el7.src.rpm
2018-04-13 21:37:51,596 - Finish: build setup for wine-3.5-1.el7.src.rpm
2018-04-13 21:37:51,596 - Start: rpmbuild wine-3.5-1.el7.src.rpm
2018-04-13 21:37:51,597 - Start: Outputting list of installed packages
2018-04-13 21:37:51,742 - Finish: Outputting list of installed packages
2018-04-13 21:55:39,029 - Finish: rpmbuild wine-3.5-1.el7.src.rpm
2018-04-13 21:55:39,031 - Finish: build phase for wine-3.5-1.el7.src.rpm
2018-04-13 21:55:39,032 - Finish: run
